[INFO] Scanning for projects...
Downloading from central: https://repo.maven.apache.org/maven2/io/github/git-commit-id/maven-metadata.xml
Downloading from central: https://repo.maven.apache.org/maven2/org/jooq/maven-metadata.xml
Downloading from central: https://repo.maven.apache.org/maven2/org/springframework/boot/maven-metadata.xml
Downloading from central: https://repo.maven.apache.org/maven2/org/flywaydb/maven-metadata.xml
Downloading from central: https://repo.maven.apache.org/maven2/org/liquibase/maven-metadata.xml
Downloading from central: https://repo.maven.apache.org/maven2/org/jetbrains/kotlin/maven-metadata.xml
Downloading from central: https://repo.maven.apache.org/maven2/org/graalvm/buildtools/maven-metadata.xml
Downloading from central: https://repo.maven.apache.org/maven2/org/apache/maven/plugins/maven-metadata.xml
Downloading from central: https://repo.maven.apache.org/maven2/org/codehaus/mojo/maven-metadata.xml
[WARNING] Failed to write tracking file 'C:\Users\Shubham Pathak\.m2\repository\org\springframework\boot\resolver-status.properties'
java.nio.file.AccessDeniedException: C:\Users\Shubham Pathak\.m2\repository\org\springframework\boot\resolver-status.properties
    at sun.nio.fs.WindowsException.translateToIOException (WindowsException.java:89)
    at sun.nio.fs.WindowsException.rethrowAsIOException (WindowsException.java:103)
    at sun.nio.fs.WindowsException.rethrowAsIOException (WindowsException.java:108)
    at sun.nio.fs.WindowsFileSystemProvider.newFileChannel (WindowsFileSystemProvider.java:118)
    at java.nio.channels.FileChannel.open (FileChannel.java:301)
    at java.nio.channels.FileChannel.open (FileChannel.java:353)
    at org.eclipse.aether.internal.impl.DefaultTrackingFileManager.update (DefaultTrackingFileManager.java:90)
    at org.eclipse.aether.internal.impl.DefaultUpdateCheckManager.write (DefaultUpdateCheckManager.java:529)
    at org.eclipse.aether.internal.impl.DefaultUpdateCheckManager.touchMetadata (DefaultUpdateCheckManager.java:503)
    at org.eclipse.aether.internal.impl.DefaultMetadataResolver.resolve (DefaultMetadataResolver.java:364)
    at org.eclipse.aether.internal.impl.DefaultMetadataResolver.resolveMetadata (DefaultMetadataResolver.java:180)
    at org.eclipse.aether.internal.impl.DefaultRepositorySystem.resolveMetadata (DefaultRepositorySystem.java:297)
    at org.apache.maven.plugin.prefix.internal.DefaultPluginPrefixResolver.resolveFromRepository (DefaultPluginPrefixResolver.java:173)
    at org.apache.maven.plugin.prefix.internal.DefaultPluginPrefixResolver.resolve (DefaultPluginPrefixResolver.java:105)
    at org.apache.maven.lifecycle.internal.MojoDescriptorCreator.findPluginForPrefix (MojoDescriptorCreator.java:247)
    at org.apache.maven.lifecycle.internal.MojoDescriptorCreator.getMojoDescriptor (MojoDescriptorCreator.java:209)
    at org.apache.maven.lifecycle.internal.DefaultLifecycleTaskSegmentCalculator.calculateTaskSegments (DefaultLifecycleTaskSegmentCalculator.java:94)
    at org.apache.maven.lifecycle.internal.DefaultLifecycleTaskSegmentCalculator.calculateTaskSegments (DefaultLifecycleTaskSegmentCalculator.java:76)
    at org.apache.maven.lifecycle.internal.LifecycleStarter.execute (LifecycleStarter.java:84)
    at org.apache.maven.DefaultMaven.doExecute (DefaultMaven.java:261)
    at org.apache.maven.DefaultMaven.doExecute (DefaultMaven.java:173)
    at org.apache.maven.DefaultMaven.execute (DefaultMaven.java:101)
    at org.apache.maven.cli.MavenCli.execute (MavenCli.java:919)
    at org.apache.maven.cli.MavenCli.doMain (MavenCli.java:285)
    at org.apache.maven.cli.MavenCli.main (MavenCli.java:207)
    at jdk.internal.reflect.DirectMethodHandleAccessor.invoke (DirectMethodHandleAccessor.java:104)
    at java.lang.reflect.Method.invoke (Method.java:565)
    at org.codehaus.plexus.classworlds.launcher.Launcher.launchEnhanced (Launcher.java:255)
    at org.codehaus.plexus.classworlds.launcher.Launcher.launch (Launcher.java:201)
    at org.codehaus.plexus.classworlds.launcher.Launcher.mainWithExitCode (Launcher.java:361)
    at org.codehaus.plexus.classworlds.launcher.Launcher.main (Launcher.java:314)
[INFO] ------------------------------------------------------------------------
[INFO] BUILD FAILURE
[INFO] ------------------------------------------------------------------------
[INFO] Total time:  2.314 s
[INFO] Finished at: 2026-03-28T22:42:23+05:30
[INFO] ------------------------------------------------------------------------
[ERROR] java.nio.file.AccessDeniedException: C:\Users\Shubham Pathak\.m2\repository\org\springframework\boot\resolver-status.properties
[ERROR] 
[ERROR] To see the full stack trace of the errors, re-run Maven with the -e switch.
[ERROR] Re-run Maven using the -X switch to enable full debug logging.
